<?xml version="1.0" encoding="UTF-8"?>
<testsuite xmlns:xsi="http://www.w3.org/2001/XMLSchema-instance" xsi:noNamespaceSchemaLocation="https://maven.apache.org/surefire/maven-surefire-plugin/xsd/surefire-test-report.xsd" name="com.autum_project.EmployeeTest" time="1.715" tests="1" errors="1" skipped="0" failures="0">
  <properties>
[...]
</properties>
  <testcase name="Instantiate" classname="com.autum_project.EmployeeTest" time="1.284">
    <error message="IOException parsing XML document from class path resource [config.xml]; nested exception is java.io.FileNotFoundException: class path resource [config.xml] cannot be opened because it does not exist" type="org.springframework.beans.factory.BeanDefinitionStoreException">org.springframework.beans.factory.BeanDefinitionStoreException: IOException parsing XML document from class path resource [config.xml]; nested exception is java.io.FileNotFoundException: class path resource [config.xml] cannot be opened because it does not exist
	at com.autum_project.EmployeeTest.Instantiate(EmployeeTest.java:12)
Caused by: java.io.FileNotFoundException: class path resource [config.xml] cannot be opened because it does not exist
	at com.autum_project.EmployeeTest.Instantiate(EmployeeTest.java:12)
</error>
  </testcase>
</testsuite>